Using pre-set license
Built from '2020.2/release' branch; Version is '2020.2.1f1 (270dd8c3da1c) revision 2559448'; Using compiler version '192528614'; Build Type 'Release'
OS: 'Windows 10  (10.0.0) 64bit' Language: 'ru' Physical Memory: 24493 MB
BatchMode: 1, IsHumanControllingUs: 0, StartBugReporterOnCrash: 0, Is64bit: 1, IsPro: 0

 COMMAND LINE ARGUMENTS:
D:\Unity\2020.2.1f1\Editor\Unity.exe
-adb2
-batchMode
-noUpm
-name
AssetImportWorker0
-projectPath
C:/UNITY/LaserTower
-logFile
Logs/AssetImportWorker0.log
-srvPort
57197
Successfully changed project path to: C:/UNITY/LaserTower
C:/UNITY/LaserTower
Using Asset Import Pipeline V2.
Refreshing native plugins compatible for Editor in 54.04 ms, found 0 plugins.
Preloading 0 native plugins for Editor in 0.00 ms.
Initialize engine version: 2020.2.1f1 (270dd8c3da1c)
[Subsystems] Discovering subsystems at path D:/Unity/2020.2.1f1/Editor/Data/Resources/UnitySubsystems
[Subsystems] Discovering subsystems at path C:/UNITY/LaserTower/Assets
GfxDevice: creating device client; threaded=0
Direct3D:
    Version:  Direct3D 11.0 [level 11.1]
    Renderer: NVIDIA GeForce GTX 1050 Ti (ID=0x1c8c)
    Vendor:   
    VRAM:     4023 MB
    Driver:   26.21.14.4166
Initialize mono
Mono path[0] = 'D:/Unity/2020.2.1f1/Editor/Data/Managed'
Mono path[1] = 'D:/Unity/2020.2.1f1/Editor/Data/MonoBleedingEdge/lib/mono/unityjit'
Mono config path = 'D:/Unity/2020.2.1f1/Editor/Data/MonoBleedingEdge/etc'
Using monoOptions --debugger-agent=transport=dt_socket,embedding=1,server=y,suspend=n,address=127.0.0.1:56576
Begin MonoManager ReloadAssembly
Registering precompiled unity dll's ...
Register platform support module: D:/Unity/2020.2.1f1/Editor/Data/PlaybackEngines/WindowsStandaloneSupport/UnityEditor.WindowsStandalone.Extensions.dll
Registered in 0.000908 seconds.
Native extension for WindowsStandalone target not found
Refreshing native plugins compatible for Editor in 50.58 ms, found 0 plugins.
Preloading 0 native plugins for Editor in 0.00 ms.
Invoked RoslynAnalysisRunner static constructor.
RoslynAnalysisRunner will not be running.
RoslynAnalysisRunner has terminated.
Mono: successfully reloaded assembly
- Completed reload, in  1.715 seconds
Platform modules already initialized, skipping
Registering precompiled user dll's ...
Registered in 0.001529 seconds.
Begin MonoManager ReloadAssembly
Native extension for WindowsStandalone target not found
Refreshing native plugins compatible for Editor in 51.55 ms, found 0 plugins.
Preloading 0 native plugins for Editor in 0.00 ms.
Invoked RoslynAnalysisRunner static constructor.
RoslynAnalysisRunner will not be running.
RoslynAnalysisRunner has terminated.
Mono: successfully reloaded assembly
- Completed reload, in  1.044 seconds
Platform modules already initialized, skipping
========================================================================
Worker process is ready to serve import requests
Shader 'Universal Render Pipeline/Particles/Lit': fallback shader 'Universal Render Pipeline/Particles/SimpleLit' not found
Shader 'Universal Render Pipeline/Particles/Lit': fallback shader 'Universal Render Pipeline/Particles/SimpleLit' not found
Launched and connected shader compiler UnityShaderCompiler.exe after 0.04 seconds
Refreshing native plugins compatible for Editor in 0.42 ms, found 0 plugins.
Preloading 0 native plugins for Editor in 0.00 ms.
Unloading 2622 Unused Serialized files (Serialized files now loaded: 0)
System memory in use before: 117.9 MB.
System memory in use after: 115.8 MB.

Unloading 46 unused Assets to reduce memory usage. Loaded Objects now: 3029.
Total: 4.554655 ms (FindLiveObjects: 0.228102 ms CreateObjectMapping: 0.106666 ms MarkObjects: 2.729839 ms  DeleteObjects: 1.469535 ms)

========================================================================
Received Import Request.
  path: Assets/Scripts/InterfacesAndExtensions.cs
  artifactKey: Guid(5141969284c22a34f980599f09d51a0c) Importer(815301076,1909f56bfc062723c751e8b465ee728b)
Start importing Assets/Scripts/InterfacesAndExtensions.cs using Guid(5141969284c22a34f980599f09d51a0c) Importer(815301076,1909f56bfc062723c751e8b465ee728b)  -> (artifact id: 'd93c97bcbbb22729152ff506873c5f2e') in 0.058245 seconds
  Import took 0.062960 seconds .

========================================================================
Received Import Request.
  Time since last request: 12.550049 seconds.
  path: Assets/Scripts/Interfaces.cs
  artifactKey: Guid(5141969284c22a34f980599f09d51a0c) Importer(815301076,1909f56bfc062723c751e8b465ee728b)
Start importing Assets/Scripts/Interfaces.cs using Guid(5141969284c22a34f980599f09d51a0c) Importer(815301076,1909f56bfc062723c751e8b465ee728b)  -> (artifact id: 'ae3133eab53c869812d3fc16d115607c') in 0.030956 seconds
  Import took 0.035834 seconds .

========================================================================
Received Prepare
Registering precompiled user dll's ...
Registered in 0.001406 seconds.
Begin MonoManager ReloadAssembly
Native extension for WindowsStandalone target not found
Refreshing native plugins compatible for Editor in 0.43 ms, found 0 plugins.
Preloading 0 native plugins for Editor in 0.00 ms.
Invoked RoslynAnalysisRunner static constructor.
RoslynAnalysisRunner will not be running.
RoslynAnalysisRunner has terminated.
Mono: successfully reloaded assembly
- Completed reload, in  0.925 seconds
Platform modules already initialized, skipping
Shader 'Universal Render Pipeline/Particles/Lit': fallback shader 'Universal Render Pipeline/Particles/SimpleLit' not found
Shader 'Universal Render Pipeline/Particles/Lit': fallback shader 'Universal Render Pipeline/Particles/SimpleLit' not found
Refreshing native plugins compatible for Editor in 0.43 ms, found 0 plugins.
Preloading 0 native plugins for Editor in 0.00 ms.
Unloading 2549 Unused Serialized files (Serialized files now loaded: 0)
System memory in use before: 115.1 MB.
System memory in use after: 113.1 MB.

Unloading 41 unused Assets to reduce memory usage. Loaded Objects now: 3031.
Total: 4.858655 ms (FindLiveObjects: 0.271589 ms CreateObjectMapping: 0.152615 ms MarkObjects: 2.962044 ms  DeleteObjects: 1.470766 ms)

========================================================================
Received Prepare
Registering precompiled user dll's ...
Registered in 0.001641 seconds.
Begin MonoManager ReloadAssembly
Native extension for WindowsStandalone target not found
Refreshing native plugins compatible for Editor in 0.59 ms, found 0 plugins.
Preloading 0 native plugins for Editor in 0.00 ms.
Invoked RoslynAnalysisRunner static constructor.
RoslynAnalysisRunner will not be running.
RoslynAnalysisRunner has terminated.
Mono: successfully reloaded assembly
- Completed reload, in  1.000 seconds
Platform modules already initialized, skipping
Shader 'Universal Render Pipeline/Particles/Lit': fallback shader 'Universal Render Pipeline/Particles/SimpleLit' not found
Shader 'Universal Render Pipeline/Particles/Lit': fallback shader 'Universal Render Pipeline/Particles/SimpleLit' not found
Refreshing native plugins compatible for Editor in 0.44 ms, found 0 plugins.
Preloading 0 native plugins for Editor in 0.00 ms.
Unloading 2549 Unused Serialized files (Serialized files now loaded: 0)
System memory in use before: 116.1 MB.
System memory in use after: 114.1 MB.

Unloading 41 unused Assets to reduce memory usage. Loaded Objects now: 3033.
Total: 3.993426 ms (FindLiveObjects: 0.275281 ms CreateObjectMapping: 0.152205 ms MarkObjects: 1.993021 ms  DeleteObjects: 1.571688 ms)

========================================================================
Received Import Request.
  Time since last request: 46.803694 seconds.
  path: Assets/Scripts/Interfaces.cs
  artifactKey: Guid(5141969284c22a34f980599f09d51a0c) Importer(815301076,1909f56bfc062723c751e8b465ee728b)
Start importing Assets/Scripts/Interfaces.cs using Guid(5141969284c22a34f980599f09d51a0c) Importer(815301076,1909f56bfc062723c751e8b465ee728b)  -> (artifact id: '02fbc055e3556c4def08dfb91ec64de7') in 0.030476 seconds
  Import took 0.034794 seconds .

